[debug] [2026-06-15T15:58:06.929Z] ----------------------------------------------------------------------
[debug] [2026-06-15T15:58:06.933Z] Command:       C:\Program Files\nodejs\node.exe C:\Users\LEGION\AppData\Roaming\npm\node_modules\firebase-tools\lib\bin\firebase.js init hosting
[debug] [2026-06-15T15:58:06.934Z] CLI Version:   15.20.0
[debug] [2026-06-15T15:58:06.934Z] Platform:      win32
[debug] [2026-06-15T15:58:06.934Z] Node Version:  v24.12.0
[debug] [2026-06-15T15:58:06.934Z] Time:          Mon Jun 15 2026 22:58:06 GMT+0700 (Western Indonesia Time)
[debug] [2026-06-15T15:58:06.934Z] ----------------------------------------------------------------------
[debug] 
[info] 
     ######## #### ########  ######## ########     ###     ######  ########
     ##        ##  ##     ## ##       ##     ##  ##   ##  ##       ##
     ######    ##  ########  ######   ########  #########  ######  ######
     ##        ##  ##    ##  ##       ##     ## ##     ##       ## ##
     ##       #### ##     ## ######## ########  ##     ##  ######  ########

You're about to initialize a Firebase project in this directory:

  C:\parent-quest-app

Before we get started, keep in mind:

  * You are currently outside your home directory

[info] 
=== Project Setup
[info] 
[info] First, let's associate this project directory with a Firebase project.
[info] You can create multiple project aliases by running firebase use --add, 
[info] 
[debug] [2026-06-15T15:58:20.039Z] > command requires scopes: ["email","openid","https://www.googleapis.com/auth/cloudplatformprojects.readonly","https://www.googleapis.com/auth/firebase","https://www.googleapis.com/auth/cloud-platform"]
[debug] [2026-06-15T15:58:20.040Z] > authorizing via signed-in user (binayahrif@gmail.com)
[debug] [2026-06-15T15:58:20.042Z] Checked if tokens are valid: true, expires at: 1781542669106
[debug] [2026-06-15T15:58:20.043Z] Checked if tokens are valid: true, expires at: 1781542669106
[debug] [2026-06-15T15:58:20.044Z] >>> [apiv2][query] GET https://firebase.googleapis.com/v1beta1/projects pageSize=100
[debug] [2026-06-15T15:58:20.932Z] <<< [apiv2][status] GET https://firebase.googleapis.com/v1beta1/projects 200
[debug] [2026-06-15T15:58:20.932Z] <<< [apiv2][body] GET https://firebase.googleapis.com/v1beta1/projects [omitted]
[info] 
=== Hosting Setup
[info] 
[debug] [2026-06-15T16:02:00.150Z] Checked if tokens are valid: true, expires at: 1781542669106
[debug] [2026-06-15T16:02:00.150Z] Checked if tokens are valid: true, expires at: 1781542669106
[debug] [2026-06-15T16:02:00.151Z] >>> [apiv2][query] GET https://firebase.googleapis.com/v1beta1/projects/kidokidsid [none]
[debug] [2026-06-15T16:02:00.873Z] <<< [apiv2][status] GET https://firebase.googleapis.com/v1beta1/projects/kidokidsid 200
[debug] [2026-06-15T16:02:00.873Z] <<< [apiv2][body] GET https://firebase.googleapis.com/v1beta1/projects/kidokidsid {"projectId":"kidokidsid","projectNumber":"779985902516","displayName":"KIDOKIDS","name":"projects/kidokidsid","resources":{"hostingSite":"kidokidsid"},"state":"ACTIVE","etag":"1_8a3c9fc6-7eb1-49a8-b9ec-78ff2e8559cf"}
[info] 
[info] Your public directory is the folder (relative to your project directory) that
[info] will contain Hosting assets to be uploaded with firebase deploy. If you
[info] have a build process for your assets, use your build's output directory.
[info] 
[debug] [2026-06-15T16:15:07.627Z] ExitPromptError: User force closed the prompt with SIGINT
    at Interface.sigint (C:\Users\LEGION\AppData\Roaming\npm\node_modules\firebase-tools\node_modules\@inquirer\core\dist\commonjs\lib\create-prompt.js:101:37)
    at Interface.emit (node:events:508:28)
    at [_ttyWrite] [as _ttyWrite] (node:internal/readline/interface:1327:18)
    at ReadStream.onkeypress (node:internal/readline/interface:284:20)
    at ReadStream.emit (node:events:520:35)
    at emitKeys (node:internal/readline/utils:371:14)
    at emitKeys.next (<anonymous>)
    at ReadStream.onData (node:internal/readline/emitKeypressEvents:64:36)
    at ReadStream.emit (node:events:508:28)
    at addChunk (node:internal/streams/readable:559:12)
[error] 
[error] Error: An unexpected error has occurred.
